[2026-04-28 17:35:15] --- DÉBUT DE SYNCHRONISATION ---
[2026-04-28 17:35:17] [AJOUT] Maelys LE BIGOT  (50SF) | Ajout 1er temps : 00:26.50 à Rennes
[2026-04-28 17:35:17] [AJOUT] Eloise KERJEAN (50SF) | Ajout 1er temps : 00:27.18 à Lorient
[2026-04-28 17:35:17] [NOUVEAU TEMPS] Maelys LE BIGOT (50SF) | Ancien temps : 00:26.50 -> Nouveau : 00:27.36 à Lorient
[2026-04-28 17:35:17] [AJOUT] Emma ROZE (50SF) | Ajout 1er temps : 00:27.70 à Brest
[2026-04-28 17:35:17] [AJOUT] Pauline CAMUS (50SF) | Ajout 1er temps : 00:28.13 à Lorient
[2026-04-28 17:35:17] [AJOUT] Garance LEBEE (50SF) | Ajout 1er temps : 00:30.35 à Brest
[2026-04-28 17:35:17] [AJOUT] Sandra KERGOURLAY (50SF) | Ajout 1er temps : 00:32.71 à Lorient
[2026-04-28 17:35:17] [AJOUT] Céline MARTIN (50SF) | Ajout 1er temps : 00:35.10 à Brest
[2026-04-28 17:35:20] [AJOUT] Mathis FRANCES (50SF) | Ajout 1er temps : 00:21.03 à Rennes
[2026-04-28 17:35:20] [AJOUT] Zacharie LEDUC (50SF) | Ajout 1er temps : 00:23.06 à Lorient
[2026-04-28 17:35:20] [AJOUT] Luca SOLLAZZO (50SF) | Ajout 1er temps : 00:24.09 à Lorient
[2026-04-28 17:35:20] [AJOUT] Nevis VIGOUROUX (50SF) | Ajout 1er temps : 00:26.51 à Lorient
[2026-04-28 17:35:20] [AJOUT] Celian PRIGENT (50SF) | Ajout 1er temps : 00:26.63 à Lorient
[2026-04-28 17:35:20] [AJOUT] Yves PRIGENT (50SF) | Ajout 1er temps : 00:27.28 à Rennes
[2026-04-28 17:35:20] [AJOUT] Thomas LEBEE (50SF) | Ajout 1er temps : 00:27.67 à Lorient
[2026-04-28 17:35:20] [AJOUT] Simon LANDOLSI (50SF) | Ajout 1er temps : 00:30.55 à Rennes
[2026-04-28 17:35:20] [AJOUT] Gabriele SOLLAZZO (50SF) | Ajout 1er temps : 00:37.82 à Baud
[2026-04-28 17:35:23] [AJOUT] Maelys LE BIGOT  (100SF) | Ajout 1er temps : 00:56.84 à Angers
[2026-04-28 17:35:23] [AJOUT] Anne LAVIGNE  (100SF) | Ajout 1er temps : 01:00.54 à Quimper
[2026-04-28 17:35:23] [AJOUT] Garance LEBEE (100SF) | Ajout 1er temps : 01:00.75 à Angers
[2026-04-28 17:35:23] [AJOUT] Emma ROZE (100SF) | Ajout 1er temps : 01:01.65 à Angers
[2026-04-28 17:35:23] [AJOUT] Florie BOUTOUILLER (100SF) | Ajout 1er temps : 01:02.32 à Angers
[2026-04-28 17:35:23] [AJOUT] Pauline CAMUS (100SF) | Ajout 1er temps : 01:03.06 à Lorient
[2026-04-28 17:35:23] [AJOUT] Tifenn GOBIN (100SF) | Ajout 1er temps : 01:03.83 à Angers
[2026-04-28 17:35:23] [AJOUT] Elodie STEPHAN (100SF) | Ajout 1er temps : 01:08.47 à Angers
[2026-04-28 17:35:23] [AJOUT] Anne FEAT (100SF) | Ajout 1er temps : 01:12.08 à Angers
[2026-04-28 17:35:23] [AJOUT] Nina VIGOUROUX (100SF) | Ajout 1er temps : 01:16.19 à Quimper
[2026-04-28 17:35:23] [AJOUT] Sandra KERGOURLAY (100SF) | Ajout 1er temps : 01:18.39 à Quimper
[2026-04-28 17:35:23] [AJOUT] Céline MARTIN (100SF) | Ajout 1er temps : 01:19.74 à Brest
[2026-04-28 17:35:23] [AJOUT] Lou COATHALEM (100SF) | Ajout 1er temps : 01:22.57 à Quimper
[2026-04-28 17:35:23] [AJOUT] Emy LE TREUT (100SF) | Ajout 1er temps : 01:23.82 à Quimper
[2026-04-28 17:35:23] [AJOUT] Celia CARRENO NICOLAS (100SF) | Ajout 1er temps : 01:46.48 à Quimper
[2026-04-28 17:35:26] [AJOUT] Mathis FRANCES (100SF) | Ajout 1er temps : 00:48.17 à Rennes
[2026-04-28 17:35:26] [AJOUT] Killian TORC-H (100SF) | Ajout 1er temps : 00:50.18 à Angers
[2026-04-28 17:35:26] [AJOUT] Zacharie LEDUC (100SF) | Ajout 1er temps : 00:51.04 à Lorient
[2026-04-28 17:35:26] [AJOUT] Luca SOLLAZZO (100SF) | Ajout 1er temps : 00:54.04 à Lorient
[2026-04-28 17:35:26] [AJOUT] Celian PRIGENT (100SF) | Ajout 1er temps : 00:58.56 à Lorient
[2026-04-28 17:35:26] [AJOUT] Nevis VIGOUROUX (100SF) | Ajout 1er temps : 00:58.62 à Angers
[2026-04-28 17:35:26] [AJOUT] Thomas LEBEE (100SF) | Ajout 1er temps : 01:04.02 à Lorient
[2026-04-28 17:35:26] [AJOUT] Yves PRIGENT (100SF) | Ajout 1er temps : 01:04.59 à Angers
[2026-04-28 17:35:26] [AJOUT] Thierry HENRI (100SF) | Ajout 1er temps : 01:07.74 à Lorient
[2026-04-28 17:35:26] [AJOUT] Simon LANDOLSI (100SF) | Ajout 1er temps : 01:09.23 à Quimper
[2026-04-28 17:35:26] [AJOUT] Maxime LE POGAM (100SF) | Ajout 1er temps : 01:12.72 à Quimper
[2026-04-28 17:35:26] [AJOUT] Matthieu SANCEAU (100SF) | Ajout 1er temps : 01:13.27 à Angers
[2026-04-28 17:35:26] [AJOUT] Christophe KERJEAN (100SF) | Ajout 1er temps : 01:13.66 à Brest
[2026-04-28 17:35:26] [AJOUT] Gabriele SOLLAZZO (100SF) | Ajout 1er temps : 01:23.73 à Angers
[2026-04-28 17:35:27] [AJOUT] Anne LAVIGNE  (200SF) | Ajout 1er temps : 02:07.13 à Quimper
[2026-04-28 17:35:27] [AJOUT] Florie BOUTOUILLER (200SF) | Ajout 1er temps : 02:10.80 à Angers
[2026-04-28 17:35:27] [AJOUT] Emma ROZE (200SF) | Ajout 1er temps : 02:14.15 à Quimper
[2026-04-28 17:35:27] [AJOUT] Tifenn GOBIN (200SF) | Ajout 1er temps : 02:15.96 à Angers
[2026-04-28 17:35:27] [AJOUT] Garance LEBEE (200SF) | Ajout 1er temps : 02:16.57 à Quimper
[2026-04-28 17:35:27] [AJOUT] Anne FEAT (200SF) | Ajout 1er temps : 02:20.89 à Angers
[2026-04-28 17:35:27] [AJOUT] Pauline CAMUS (200SF) | Ajout 1er temps : 02:30.59 à Quimper
[2026-04-28 17:35:27] [AJOUT] Nina VIGOUROUX (200SF) | Ajout 1er temps : 02:45.04 à Quimper
[2026-04-28 17:35:27] [AJOUT] Sandra KERGOURLAY (200SF) | Ajout 1er temps : 02:48.04 à Quimper
[2026-04-28 17:35:27] [AJOUT] Lou COATHALEM (200SF) | Ajout 1er temps : 02:52.89 à Quimper
[2026-04-28 17:35:27] [AJOUT] Céline MARTIN (200SF) | Ajout 1er temps : 03:00.51 à Lorient
[2026-04-28 17:35:27] [AJOUT] Emy LE TREUT (200SF) | Ajout 1er temps : 03:02.12 à Quimper
[2026-04-28 17:35:27] [AJOUT] Celia CARRENO NICOLAS (200SF) | Ajout 1er temps : 03:37.40 à Quimper
[2026-04-28 17:35:28] [AJOUT] Luca SOLLAZZO (200SF) | Ajout 1er temps : 02:02.42 à Quimper
[2026-04-28 17:35:28] [AJOUT] Zacharie LEDUC (200SF) | Ajout 1er temps : 02:05.35 à Quimper
[2026-04-28 17:35:28] [AJOUT] Celian PRIGENT (200SF) | Ajout 1er temps : 02:13.85 à Quimper
[2026-04-28 17:35:28] [AJOUT] Thierry HENRI (200SF) | Ajout 1er temps : 02:19.80 à Lorient
[2026-04-28 17:35:28] [AJOUT] Nevis VIGOUROUX (200SF) | Ajout 1er temps : 02:21.79 à Quimper
[2026-04-28 17:35:28] [AJOUT] Yves PRIGENT (200SF) | Ajout 1er temps : 02:22.64 à Angers
[2026-04-28 17:35:28] [AJOUT] Simon LANDOLSI (200SF) | Ajout 1er temps : 02:26.67 à Quimper
[2026-04-28 17:35:28] [AJOUT] Maxime LE POGAM (200SF) | Ajout 1er temps : 02:33.06 à Quimper
[2026-04-28 17:35:28] [AJOUT] Matthieu SANCEAU (200SF) | Ajout 1er temps : 02:33.51 à Angers
[2026-04-28 17:35:28] [AJOUT] Christophe KERJEAN (200SF) | Ajout 1er temps : 02:33.95 à Quimper
[2026-04-28 17:35:28] [AJOUT] Gabriele SOLLAZZO (200SF) | Ajout 1er temps : 03:29.48 à Quimper
[2026-04-28 17:35:32] [AJOUT] Nina VIGOUROUX (400SF) | Ajout 1er temps : 04:14.83 à Brest
[2026-04-28 17:35:32] [AJOUT] Anne LAVIGNE  (400SF) | Ajout 1er temps : 04:19.13 à Quimper
[2026-04-28 17:35:32] [AJOUT] Florie BOUTOUILLER (400SF) | Ajout 1er temps : 04:20.71 à Angers
[2026-04-28 17:35:32] [AJOUT] Tifenn GOBIN (400SF) | Ajout 1er temps : 04:38.55 à Angers
[2026-04-28 17:35:32] [AJOUT] Emma ROZE (400SF) | Ajout 1er temps : 04:48.76 à Rennes
[2026-04-28 17:35:32] [AJOUT] Anne FEAT (400SF) | Ajout 1er temps : 05:07.87 à Angers
[2026-04-28 17:35:32] [AJOUT] Garance LEBEE (400SF) | Ajout 1er temps : 05:40.80 à Brest
[2026-04-28 17:35:32] [AJOUT] Céline MARTIN (400SF) | Ajout 1er temps : 06:10.16 à Lorient
[2026-04-28 17:35:35] [AJOUT] Luca SOLLAZZO (400SF) | Ajout 1er temps : 04:26.15 à Angers
[2026-04-28 17:35:35] [AJOUT] Thierry HENRI (400SF) | Ajout 1er temps : 04:47.23 à Lorient
[2026-04-28 17:35:35] [AJOUT] Simon LANDOLSI (400SF) | Ajout 1er temps : 05:01.20 à Quimper
[2026-04-28 17:35:35] [AJOUT] Maxime LE POGAM (400SF) | Ajout 1er temps : 05:06.02 à Quimper
[2026-04-28 17:35:35] [AJOUT] Christophe KERJEAN (400SF) | Ajout 1er temps : 05:12.67 à Quimper
[2026-04-28 17:35:35] [AJOUT] Matthieu SANCEAU (400SF) | Ajout 1er temps : 05:18.98 à Angers
[2026-04-28 17:35:38] [AJOUT] Anne LAVIGNE  (800SF) | Ajout 1er temps : 08:56.88 à Quimper
[2026-04-28 17:35:38] [AJOUT] Tifenn GOBIN (800SF) | Ajout 1er temps : 10:05.40 à Angers
[2026-04-28 17:35:38] [AJOUT] Anne FEAT (800SF) | Ajout 1er temps : 10:55.79 à Brest
[2026-04-28 17:35:38] [AJOUT] Nina VIGOUROUX (800SF) | Ajout 1er temps : 11:49.66 à Brest
[2026-04-28 17:35:38] [AJOUT] Céline MARTIN (800SF) | Ajout 1er temps : 12:35.60 à Lorient
[2026-04-28 17:35:40] [AJOUT] Christophe KERJEAN (800SF) | Ajout 1er temps : 08:29.49 à Angers
[2026-04-28 17:35:40] [AJOUT] Luca SOLLAZZO (800SF) | Ajout 1er temps : 09:02.05 à Angers
[2026-04-28 17:35:40] [AJOUT] Thierry HENRI (800SF) | Ajout 1er temps : 09:41.36 à Lorient
[2026-04-28 17:35:40] [AJOUT] Simon LANDOLSI (800SF) | Ajout 1er temps : 10:21.78 à Quimper
[2026-04-28 17:35:40] [AJOUT] Maxime LE POGAM (800SF) | Ajout 1er temps : 10:39.36 à Baud
[2026-04-28 17:35:40] [AJOUT] Matthieu SANCEAU (800SF) | Ajout 1er temps : 10:45.81 à Angers
[2026-04-28 17:35:42] [AJOUT] Anne LAVIGNE  (1500SF) | Ajout 1er temps : 18:02.44 à Angers
[2026-04-28 17:35:42] [AJOUT] Tifenn GOBIN (1500SF) | Ajout 1er temps : 18:52.41 à Angers
[2026-04-28 17:35:42] [AJOUT] Anne FEAT (1500SF) | Ajout 1er temps : 20:50.06 à Angers
[2026-04-28 17:35:43] [AJOUT] Thierry HENRI (1500SF) | Ajout 1er temps : 18:32.73 à Angers
[2026-04-28 17:35:43] [AJOUT] Christophe KERJEAN (1500SF) | Ajout 1er temps : 20:09.52 à Quimper
[2026-04-28 17:35:43] [AJOUT] Matthieu SANCEAU (1500SF) | Ajout 1er temps : 21:04.52 à Angers
[2026-04-28 17:35:43] [AJOUT] Maelys LE BIGOT  (50AP) | Ajout 1er temps : 00:23.08 à Angers
[2026-04-28 17:35:43] [AJOUT] Eloise KERJEAN (50AP) | Ajout 1er temps : 00:25.15 à Quimper
[2026-04-28 17:35:43] [AJOUT] Garance LEBEE (50AP) | Ajout 1er temps : 00:26.35 à Quimper
[2026-04-28 17:35:43] [AJOUT] Anne FEAT (50AP) | Ajout 1er temps : 00:27.01 à Angers
[2026-04-28 17:35:44] [AJOUT] Mathis FRANCES (50AP) | Ajout 1er temps : 00:18.61 à Rennes
[2026-04-28 17:35:44] [AJOUT] Luca SOLLAZZO (50AP) | Ajout 1er temps : 00:21.60 à Quimper
[2026-04-28 17:35:44] [AJOUT] Celian PRIGENT (50AP) | Ajout 1er temps : 00:24.39 à Quimper
[2026-04-28 17:35:44] [AJOUT] Yves PRIGENT (50AP) | Ajout 1er temps : 00:29.90 à Brest
[2026-04-28 17:35:46] [AJOUT] Anne LAVIGNE  (100IS) | Ajout 1er temps : 00:56.34 à Quimper
[2026-04-28 17:35:46] [AJOUT] Garance LEBEE (100IS) | Ajout 1er temps : 01:02.64 à Rennes
[2026-04-28 17:35:46] [AJOUT] Emma ROZE (100IS) | Ajout 1er temps : 01:07.83 à Quimper
[2026-04-28 17:35:46] [AJOUT] Nina VIGOUROUX (100IS) | Ajout 1er temps : 01:10.33 à Quimper
[2026-04-28 17:35:47] [AJOUT] Simon LANDOLSI (100IS) | Ajout 1er temps : 01:15.89 à Rennes
[2026-04-28 17:35:47] [AJOUT] Maxime LE POGAM (100IS) | Ajout 1er temps : 01:25.06 à Lorient
[2026-04-28 17:35:51] [AJOUT] Anne LAVIGNE  (200IS) | Ajout 1er temps : 02:08.94 à Angers
[2026-04-28 17:35:51] [AJOUT] Garance LEBEE (200IS) | Ajout 1er temps : 02:29.94 à Rennes
[2026-04-28 17:35:52] [AJOUT] Maxime LE POGAM (200IS) | Ajout 1er temps : 03:07.15 à Lorient
[2026-04-28 17:35:55] [AJOUT] Killian TORC-H (400IS) | Ajout 1er temps : 00:50.62 à Quimper
[2026-04-28 17:35:55] [AJOUT] Zacharie LEDUC (400IS) | Ajout 1er temps : 00:56.48 à Quimper
[2026-04-28 17:35:55] [AJOUT] Nevis VIGOUROUX (400IS) | Ajout 1er temps : 00:57.29 à Quimper
[2026-04-28 17:35:55] [AJOUT] Simon LANDOLSI (400IS) | Ajout 1er temps : 01:14.14 à Quimper
[2026-04-28 17:35:55] [AJOUT] Yves PRIGENT (400IS) | Ajout 1er temps : 01:30.00 à Quimper
[2026-04-28 17:35:56] [AJOUT] Florie BOUTOUILLER (50BI) | Ajout 1er temps : 00:24.63 à Rennes
[2026-04-28 17:35:56] [AJOUT] Eloise KERJEAN (50BI) | Ajout 1er temps : 00:26.25 à Dijon
[2026-04-28 17:35:56] [AJOUT] Pauline CAMUS (50BI) | Ajout 1er temps : 00:28.22 à Quimper
[2026-04-28 17:35:56] [AJOUT] Garance LEBEE (50BI) | Ajout 1er temps : 00:28.56 à Quimper
[2026-04-28 17:35:56] [AJOUT] Maelys LE BIGOT  (50BI) | Ajout 1er temps : 00:29.13 à Quimper
[2026-04-28 17:35:56] [AJOUT] Anne LAVIGNE  (50BI) | Ajout 1er temps : 00:29.13 à Quimper
[2026-04-28 17:35:56] [AJOUT] Julie LE TREUT (50BI) | Ajout 1er temps : 00:29.69 à Quimper
[2026-04-28 17:35:56] [AJOUT] Nina VIGOUROUX (50BI) | Ajout 1er temps : 00:30.20 à Angers
[2026-04-28 17:35:56] [AJOUT] Emma ROZE (50BI) | Ajout 1er temps : 00:30.29 à Quimper
[2026-04-28 17:35:56] [AJOUT] Helene LE GALL (50BI) | Ajout 1er temps : 00:31.39 à Quimper
[2026-04-28 17:35:56] [AJOUT] Sandra KERGOURLAY (50BI) | Ajout 1er temps : 00:32.59 à Quimper
[2026-04-28 17:35:56] [AJOUT] Emy LE TREUT (50BI) | Ajout 1er temps : 00:35.95 à Quimper
[2026-04-28 17:35:56] [AJOUT] Elodie STEPHAN (50BI) | Ajout 1er temps : 00:36.14 à Angers
[2026-04-28 17:35:56] [AJOUT] Celia CARRENO NICOLAS (50BI) | Ajout 1er temps : 00:38.04 à Quimper
[2026-04-28 17:35:56] [AJOUT] Maë LE TREUT (50BI) | Ajout 1er temps : 00:38.37 à Quimper
[2026-04-28 17:35:56] [AJOUT] Lou COATHALEM (50BI) | Ajout 1er temps : 00:38.41 à Quimper
[2026-04-28 17:35:56] [AJOUT] Azzura SOLLAZZO (50BI) | Ajout 1er temps : 00:40.69 à Quimper
[2026-04-28 17:35:56] [AJOUT] Sandra PRIGENT (50BI) | Ajout 1er temps : 00:41.63 à Quimper
[2026-04-28 17:35:57] [AJOUT] Killian TORC-H (50BI) | Ajout 1er temps : 00:22.44 à Angers
[2026-04-28 17:35:57] [AJOUT] Zacharie LEDUC (50BI) | Ajout 1er temps : 00:23.08 à Rennes
[2026-04-28 17:35:57] [AJOUT] Luca SOLLAZZO (50BI) | Ajout 1er temps : 00:23.41 à Angers
[2026-04-28 17:35:57] [AJOUT] Mathis FRANCES (50BI) | Ajout 1er temps : 00:23.50 à Quimper
[2026-04-28 17:35:57] [AJOUT] Nore SEGALEN (50BI) | Ajout 1er temps : 00:24.73 à Angers
[2026-04-28 17:35:57] [AJOUT] Celian PRIGENT (50BI) | Ajout 1er temps : 00:25.89 à Rennes
[2026-04-28 17:35:57] [AJOUT] Nevis VIGOUROUX (50BI) | Ajout 1er temps : 00:25.99 à Rennes
[2026-04-28 17:35:57] [AJOUT] Thomas LEBEE (50BI) | Ajout 1er temps : 00:26.92 à Angers
[2026-04-28 17:35:57] [AJOUT] Matthieu SANCEAU (50BI) | Ajout 1er temps : 00:27.77 à Angers
[2026-04-28 17:35:57] [AJOUT] Maxime LE POGAM (50BI) | Ajout 1er temps : 00:27.78 à Quimper
[2026-04-28 17:35:57] [AJOUT] Simon LANDOLSI (50BI) | Ajout 1er temps : 00:29.46 à Quimper
[2026-04-28 17:35:57] [AJOUT] Titouan LEGRAND (50BI) | Ajout 1er temps : 00:32.99 à Quimper
[2026-04-28 17:35:57] [AJOUT] Gabriele SOLLAZZO (50BI) | Ajout 1er temps : 00:34.74 à Quimper
[2026-04-28 17:35:57] [AJOUT] Joseph MAO (50BI) | Ajout 1er temps : 00:50.72 à Brest
[2026-04-28 17:35:58] [AJOUT] Florie BOUTOUILLER (100BI) | Ajout 1er temps : 00:53.80 à Rennes
[2026-04-28 17:35:58] [AJOUT] Eloise KERJEAN (100BI) | Ajout 1er temps : 00:58.55 à Rennes
[2026-04-28 17:35:58] [AJOUT] Tifenn GOBIN (100BI) | Ajout 1er temps : 01:02.25 à Angers
[2026-04-28 17:35:58] [AJOUT] Pauline CAMUS (100BI) | Ajout 1er temps : 01:02.88 à Lorient
[2026-04-28 17:35:58] [AJOUT] Maelys LE BIGOT  (100BI) | Ajout 1er temps : 01:07.25 à Lorient
[2026-04-28 17:35:58] [AJOUT] Garance LEBEE (100BI) | Ajout 1er temps : 01:07.97 à Lorient
[2026-04-28 17:35:58] [AJOUT] Sandra KERGOURLAY (100BI) | Ajout 1er temps : 01:12.67 à Brest
[2026-04-28 17:35:58] [AJOUT] Nina VIGOUROUX (100BI) | Ajout 1er temps : 01:12.98 à Brest
[2026-04-28 17:35:58] [AJOUT] Emma ROZE (100BI) | Ajout 1er temps : 01:20.96 à Lorient
[2026-04-28 17:35:58] [AJOUT] Céline MARTIN (100BI) | Ajout 1er temps : 01:36.27 à Lorient
[2026-04-28 17:36:00] [AJOUT] Killian TORC-H (100BI) | Ajout 1er temps : 00:51.27 à Rennes
[2026-04-28 17:36:00] [AJOUT] Zacharie LEDUC (100BI) | Ajout 1er temps : 00:51.70 à Rennes
[2026-04-28 17:36:00] [AJOUT] Luca SOLLAZZO (100BI) | Ajout 1er temps : 00:53.04 à Lorient
[2026-04-28 17:36:00] [AJOUT] Mathis FRANCES (100BI) | Ajout 1er temps : 00:53.41 à Rennes
[2026-04-28 17:36:00] [AJOUT] Celian PRIGENT (100BI) | Ajout 1er temps : 00:57.77 à Quimper
[2026-04-28 17:36:01] [AJOUT] Nore SEGALEN (100BI) | Ajout 1er temps : 00:58.08 à Rennes
[2026-04-28 17:36:01] [AJOUT] Nevis VIGOUROUX (100BI) | Ajout 1er temps : 00:58.67 à Rennes
[2026-04-28 17:36:01] [AJOUT] Maxime LE POGAM (100BI) | Ajout 1er temps : 01:00.54 à Lorient
[2026-04-28 17:36:01] [AJOUT] Yves PRIGENT (100BI) | Ajout 1er temps : 01:01.49 à Brest
[2026-04-28 17:36:01] [AJOUT] Christophe KERJEAN (100BI) | Ajout 1er temps : 01:02.19 à Lorient
[2026-04-28 17:36:01] [AJOUT] Thomas LEBEE (100BI) | Ajout 1er temps : 01:03.67 à Rennes
[2026-04-28 17:36:01] [AJOUT] Thierry HENRI (100BI) | Ajout 1er temps : 01:03.75 à Lorient
[2026-04-28 17:36:01] [AJOUT] Matthieu SANCEAU (100BI) | Ajout 1er temps : 01:07.22 à Lorient
[2026-04-28 17:36:01] [AJOUT] Titouan LEGRAND (100BI) | Ajout 1er temps : 01:14.43 à Quimper
[2026-04-28 17:36:01] [AJOUT] Simon LANDOLSI (100BI) | Ajout 1er temps : 01:15.88 à Lorient
[2026-04-28 17:36:01] [AJOUT] Gabriele SOLLAZZO (100BI) | Ajout 1er temps : 01:23.86 à Brest
[2026-04-28 17:36:01] [AJOUT] Joseph MAO (100BI) | Ajout 1er temps : 02:05.45 à Brest
[2026-04-28 17:36:02] [AJOUT] Florie BOUTOUILLER (200BI) | Ajout 1er temps : 01:57.65 à Angers
[2026-04-28 17:36:02] [AJOUT] Eloise KERJEAN (200BI) | Ajout 1er temps : 02:07.63 à Dijon
[2026-04-28 17:36:02] [AJOUT] Tifenn GOBIN (200BI) | Ajout 1er temps : 02:11.53 à Angers
[2026-04-28 17:36:02] [AJOUT] Pauline CAMUS (200BI) | Ajout 1er temps : 02:25.52 à Quimper
[2026-04-28 17:36:02] [AJOUT] Emma ROZE (200BI) | Ajout 1er temps : 02:45.89 à Lorient
[2026-04-28 17:36:02] [AJOUT] Sandra KERGOURLAY (200BI) | Ajout 1er temps : 02:48.78 à Lorient
[2026-04-28 17:36:02] [AJOUT] Céline MARTIN (200BI) | Ajout 1er temps : 03:15.45 à Lorient
[2026-04-28 17:36:03] [AJOUT] Killian TORC-H (200BI) | Ajout 1er temps : 01:51.21 à Quimper
[2026-04-28 17:36:03] [AJOUT] Luca SOLLAZZO (200BI) | Ajout 1er temps : 01:51.30 à Quimper
[2026-04-28 17:36:03] [AJOUT] Zacharie LEDUC (200BI) | Ajout 1er temps : 02:00.40 à Rennes
[2026-04-28 17:36:03] [AJOUT] Celian PRIGENT (200BI) | Ajout 1er temps : 02:03.22 à Quimper
[2026-04-28 17:36:03] [AJOUT] Thierry HENRI (200BI) | Ajout 1er temps : 02:13.90 à Lorient
[2026-04-28 17:36:03] [AJOUT] Nevis VIGOUROUX (200BI) | Ajout 1er temps : 02:15.00 à Quimper
[2026-04-28 17:36:03] [AJOUT] Maxime LE POGAM (200BI) | Ajout 1er temps : 02:16.00 à Auray
[2026-04-28 17:36:03] [AJOUT] Yves PRIGENT (200BI) | Ajout 1er temps : 02:21.35 à Quimper
[2026-04-28 17:36:04] [AJOUT] Nore SEGALEN (200BI) | Ajout 1er temps : 02:22.19 à Rennes
[2026-04-28 17:36:04] [AJOUT] Thomas LEBEE (200BI) | Ajout 1er temps : 02:24.51 à Rennes
[2026-04-28 17:36:04] [AJOUT] Christophe KERJEAN (200BI) | Ajout 1er temps : 02:32.98 à Lorient
[2026-04-28 17:36:04] [AJOUT] Simon LANDOLSI (200BI) | Ajout 1er temps : 02:35.08 à Lorient
[2026-04-28 17:36:04] [AJOUT] Titouan LEGRAND (200BI) | Ajout 1er temps : 02:37.89 à Quimper
[2026-04-28 17:36:04] [AJOUT] Matthieu SANCEAU (200BI) | Ajout 1er temps : 02:45.94 à Lorient
[2026-04-28 17:36:04] [AJOUT] Gabriele SOLLAZZO (200BI) | Ajout 1er temps : 03:13.56 à Quimper
[2026-04-28 17:36:05] [AJOUT] Eloise KERJEAN (400BI) | Ajout 1er temps : 04:34.68 à Dijon
[2026-04-28 17:36:05] [AJOUT] Pauline CAMUS (400BI) | Ajout 1er temps : 05:24.69 à Lorient
[2026-04-28 17:36:05] [AJOUT] Emma ROZE (400BI) | Ajout 1er temps : 05:31.75 à Lorient
[2026-04-28 17:36:05] [AJOUT] Sandra KERGOURLAY (400BI) | Ajout 1er temps : 05:45.62 à Brest
[2026-04-28 17:36:05] [AJOUT] Céline MARTIN (400BI) | Ajout 1er temps : 06:27.67 à Lorient
[2026-04-28 17:36:07] [AJOUT] Luca SOLLAZZO (400BI) | Ajout 1er temps : 04:21.89 à Brest
[2026-04-28 17:36:07] [AJOUT] Celian PRIGENT (400BI) | Ajout 1er temps : 04:27.46 à Rennes
[2026-04-28 17:36:07] [AJOUT] Zacharie LEDUC (400BI) | Ajout 1er temps : 04:28.17 à Brest
[2026-04-28 17:36:07] [AJOUT] Thierry HENRI (400BI) | Ajout 1er temps : 04:37.71 à Lorient
[2026-04-28 17:36:07] [AJOUT] Maxime LE POGAM (400BI) | Ajout 1er temps : 04:47.74 à Auray
[2026-04-28 17:36:07] [AJOUT] Killian TORC-H (400BI) | Ajout 1er temps : 05:04.56 à Baud
[2026-04-28 17:36:07] [AJOUT] Nevis VIGOUROUX (400BI) | Ajout 1er temps : 05:05.62 à Rennes
[2026-04-28 17:36:07] [AJOUT] Simon LANDOLSI (400BI) | Ajout 1er temps : 05:11.85 à Lorient
[2026-04-28 17:36:07] [AJOUT] Christophe KERJEAN (400BI) | Ajout 1er temps : 05:15.92 à Baud
[2026-04-28 17:36:07] [AJOUT] Thomas LEBEE (400BI) | Ajout 1er temps : 05:20.24 à Lorient
[2026-04-28 17:36:08] [AJOUT] Yves PRIGENT (400BI) | Ajout 1er temps : 05:25.65 à Brest
[2026-04-28 17:36:08] [AJOUT] Matthieu SANCEAU (400BI) | Ajout 1er temps : 05:31.18 à Lorient
[2026-04-28 17:36:08] --- FIN DE SYNCHRONISATION ---
